0 info it worked if it ends with ok
1 verbose cli [ '/usr/bin/node',
1 verbose cli   '/usr/bin/npm',
1 verbose cli   'install',
1 verbose cli   '--save',
1 verbose cli   'express',
1 verbose cli   'body-parser' ]
2 info using npm@1.4.28
3 info using node@v0.10.33
4 verbose node symlink /usr/bin/node
5 warn package.json blockcypher@1.0.0 No description
6 warn package.json blockcypher@1.0.0 No repository field.
7 warn package.json blockcypher@1.0.0 No README data
8 verbose readDependencies using package.json deps
9 verbose cache add [ 'express', null ]
10 verbose cache add name=undefined spec="express" args=["express",null]
11 verbose parsed url { protocol: null,
11 verbose parsed url   slashes: null,
11 verbose parsed url   auth: null,
11 verbose parsed url   host: null,
11 verbose parsed url   port: null,
11 verbose parsed url   hostname: null,
11 verbose parsed url   hash: null,
11 verbose parsed url   search: null,
11 verbose parsed url   query: null,
11 verbose parsed url   pathname: 'express',
11 verbose parsed url   path: 'express',
11 verbose parsed url   href: 'express' }
12 verbose cache add [ 'body-parser', null ]
13 verbose cache add name=undefined spec="body-parser" args=["body-parser",null]
14 verbose parsed url { protocol: null,
14 verbose parsed url   slashes: null,
14 verbose parsed url   auth: null,
14 verbose parsed url   host: null,
14 verbose parsed url   port: null,
14 verbose parsed url   hostname: null,
14 verbose parsed url   hash: null,
14 verbose parsed url   search: null,
14 verbose parsed url   query: null,
14 verbose parsed url   pathname: 'body-parser',
14 verbose parsed url   path: 'body-parser',
14 verbose parsed url   href: 'body-parser' }
15 silly lockFile f3c62de4-express express
16 verbose lock express /home/stevenzeiler/.npm/f3c62de4-express.lock
17 silly lockFile 14cf125c-body-parser body-parser
18 verbose lock body-parser /home/stevenzeiler/.npm/14cf125c-body-parser.lock
19 silly lockFile f3c62de4-express express
20 silly lockFile f3c62de4-express express
21 silly lockFile 14cf125c-body-parser body-parser
22 silly lockFile 14cf125c-body-parser body-parser
23 verbose addNamed [ 'express', '' ]
24 verbose addNamed [ null, '*' ]
25 silly lockFile 64a534c1-express express@
26 verbose lock express@ /home/stevenzeiler/.npm/64a534c1-express.lock
27 verbose addNamed [ 'body-parser', '' ]
28 verbose addNamed [ null, '*' ]
29 silly lockFile 9f665704-body-parser body-parser@
30 verbose lock body-parser@ /home/stevenzeiler/.npm/9f665704-body-parser.lock
31 silly addNameRange { name: 'express', range: '*', hasData: false }
32 silly addNameRange { name: 'body-parser', range: '*', hasData: false }
33 verbose request where is /express
34 verbose request registry https://registry.npmjs.org/
35 verbose request id 1e34b80dd86429ad
36 verbose url raw /express
37 verbose url resolving [ 'https://registry.npmjs.org/', './express' ]
38 verbose url resolved https://registry.npmjs.org/express
39 verbose request where is https://registry.npmjs.org/express
40 info trying registry request attempt 1 at 17:01:39
41 verbose etag "9HONZ8DWC7905JTAN0YVG0WOZ"
42 http GET https://registry.npmjs.org/express
43 verbose request where is /body-parser
44 verbose request registry https://registry.npmjs.org/
45 verbose url raw /body-parser
46 verbose url resolving [ 'https://registry.npmjs.org/', './body-parser' ]
47 verbose url resolved https://registry.npmjs.org/body-parser
48 verbose request where is https://registry.npmjs.org/body-parser
49 info trying registry request attempt 1 at 17:01:39
50 verbose etag "1VW86JUBFCTE418FHF30UW3MX"
51 http GET https://registry.npmjs.org/body-parser
52 http 200 https://registry.npmjs.org/body-parser
53 silly registry.get cb [ 200,
53 silly registry.get   { date: 'Fri, 20 Feb 2015 01:01:37 GMT',
53 silly registry.get     server: 'CouchDB/1.5.0 (Erlang OTP/R16B03)',
53 silly registry.get     etag: '"EPM0XKE5BXC6NUON3PW7D5DEA"',
53 silly registry.get     'content-type': 'application/json',
53 silly registry.get     'cache-control': 'max-age=60',
53 silly registry.get     'content-length': '87834',
53 silly registry.get     'accept-ranges': 'bytes',
53 silly registry.get     via: '1.1 varnish',
53 silly registry.get     age: '25',
53 silly registry.get     'x-served-by': 'cache-sjc3124-SJC',
53 silly registry.get     'x-cache': 'HIT',
53 silly registry.get     'x-cache-hits': '2',
53 silly registry.get     'x-timer': 'S1424394097.488049,VS0,VE0',
53 silly registry.get     vary: 'Accept',
53 silly registry.get     'keep-alive': 'timeout=10, max=50',
53 silly registry.get     connection: 'Keep-Alive' } ]
54 silly addNameRange number 2 { name: 'body-parser', range: '*', hasData: true }
55 silly addNameRange versions [ 'body-parser',
55 silly addNameRange   [ '1.0.0',
55 silly addNameRange     '1.0.1',
55 silly addNameRange     '1.0.2',
55 silly addNameRange     '1.1.0',
55 silly addNameRange     '1.1.1',
55 silly addNameRange     '1.1.2',
55 silly addNameRange     '1.2.0',
55 silly addNameRange     '1.2.1',
55 silly addNameRange     '1.2.2',
55 silly addNameRange     '1.3.0',
55 silly addNameRange     '1.3.1',
55 silly addNameRange     '1.4.0',
55 silly addNameRange     '1.4.1',
55 silly addNameRange     '1.4.2',
55 silly addNameRange     '1.4.3',
55 silly addNameRange     '1.5.0',
55 silly addNameRange     '1.5.1',
55 silly addNameRange     '1.5.2',
55 silly addNameRange     '1.6.0',
55 silly addNameRange     '1.6.1',
55 silly addNameRange     '1.6.2',
55 silly addNameRange     '1.6.3',
55 silly addNameRange     '1.6.4',
55 silly addNameRange     '1.6.5',
55 silly addNameRange     '1.6.6',
55 silly addNameRange     '1.6.7',
55 silly addNameRange     '1.7.0',
55 silly addNameRange     '1.8.0',
55 silly addNameRange     '1.8.1',
55 silly addNameRange     '1.8.2',
55 silly addNameRange     '1.8.3',
55 silly addNameRange     '1.8.4',
55 silly addNameRange     '1.9.0',
55 silly addNameRange     '1.9.1',
55 silly addNameRange     '1.9.2',
55 silly addNameRange     '1.9.3',
55 silly addNameRange     '1.10.0',
55 silly addNameRange     '1.10.1',
55 silly addNameRange     '1.10.2',
55 silly addNameRange     '1.11.0',
55 silly addNameRange     '1.12.0' ] ]
56 verbose addNamed [ 'body-parser', '1.12.0' ]
57 verbose addNamed [ '1.12.0', '1.12.0' ]
58 silly lockFile 6c41bb2b-body-parser-1-12-0 body-parser@1.12.0
59 verbose lock body-parser@1.12.0 /home/stevenzeiler/.npm/6c41bb2b-body-parser-1-12-0.lock
60 silly lockFile 361bacb6-dy-parser-body-parser-1-12-0-tgz https://registry.npmjs.org/body-parser/-/body-parser-1.12.0.tgz
61 verbose lock https://registry.npmjs.org/body-parser/-/body-parser-1.12.0.tgz /home/stevenzeiler/.npm/361bacb6-dy-parser-body-parser-1-12-0-tgz.lock
62 verbose addRemoteTarball [ 'https://registry.npmjs.org/body-parser/-/body-parser-1.12.0.tgz',
62 verbose addRemoteTarball   '9750fc3cc1080b34a13d18c79840cd559979fce5' ]
63 info retry fetch attempt 1 at 17:01:39
64 verbose fetch to= /tmp/npm-7260-V3L-FJRU/registry.npmjs.org/body-parser/-/body-parser-1.12.0.tgz
65 http GET https://registry.npmjs.org/body-parser/-/body-parser-1.12.0.tgz
66 http 200 https://registry.npmjs.org/body-parser/-/body-parser-1.12.0.tgz
67 silly lockFile 361bacb6-dy-parser-body-parser-1-12-0-tgz https://registry.npmjs.org/body-parser/-/body-parser-1.12.0.tgz
68 silly lockFile 361bacb6-dy-parser-body-parser-1-12-0-tgz https://registry.npmjs.org/body-parser/-/body-parser-1.12.0.tgz
69 silly lockFile 6c41bb2b-body-parser-1-12-0 body-parser@1.12.0
70 silly lockFile 6c41bb2b-body-parser-1-12-0 body-parser@1.12.0
71 silly lockFile 9f665704-body-parser body-parser@
72 silly lockFile 9f665704-body-parser body-parser@
73 http 200 https://registry.npmjs.org/express
74 silly registry.get cb [ 200,
74 silly registry.get   { date: 'Fri, 20 Feb 2015 01:01:42 GMT',
74 silly registry.get     server: 'CouchDB/1.5.0 (Erlang OTP/R16B03)',
74 silly registry.get     etag: '"9ZYK9RZDQAM9P9EXFEW5GOMHC"',
74 silly registry.get     'content-type': 'application/json',
74 silly registry.get     'cache-control': 'max-age=60',
74 silly registry.get     'content-length': '472847',
74 silly registry.get     'accept-ranges': 'bytes',
74 silly registry.get     via: '1.1 varnish',
74 silly registry.get     age: '45',
74 silly registry.get     'x-served-by': 'cache-sjc3133-SJC',
74 silly registry.get     'x-cache': 'HIT',
74 silly registry.get     'x-cache-hits': '3',
74 silly registry.get     'x-timer': 'S1424394102.490510,VS0,VE0',
74 silly registry.get     vary: 'Accept',
74 silly registry.get     'keep-alive': 'timeout=10, max=50',
74 silly registry.get     connection: 'Keep-Alive' } ]
75 silly addNameRange number 2 { name: 'express', range: '*', hasData: true }
76 silly addNameRange versions [ 'express',
76 silly addNameRange   [ '0.14.0',
76 silly addNameRange     '0.14.1',
76 silly addNameRange     '1.0.0',
76 silly addNameRange     '1.0.1',
76 silly addNameRange     '1.0.2',
76 silly addNameRange     '1.0.3',
76 silly addNameRange     '1.0.4',
76 silly addNameRange     '1.0.5',
76 silly addNameRange     '1.0.6',
76 silly addNameRange     '1.0.7',
76 silly addNameRange     '1.0.8',
76 silly addNameRange     '2.0.0',
76 silly addNameRange     '2.1.0',
76 silly addNameRange     '2.1.1',
76 silly addNameRange     '2.2.0',
76 silly addNameRange     '2.2.1',
76 silly addNameRange     '2.2.2',
76 silly addNameRange     '2.3.0',
76 silly addNameRange     '2.3.1',
76 silly addNameRange     '2.3.2',
76 silly addNameRange     '2.3.3',
76 silly addNameRange     '2.3.4',
76 silly addNameRange     '2.3.5',
76 silly addNameRange     '2.3.6',
76 silly addNameRange     '2.3.7',
76 silly addNameRange     '2.3.8',
76 silly addNameRange     '2.3.9',
76 silly addNameRange     '2.3.10',
76 silly addNameRange     '2.3.11',
76 silly addNameRange     '2.3.12',
76 silly addNameRange     '2.4.0',
76 silly addNameRange     '2.4.1',
76 silly addNameRange     '2.4.2',
76 silly addNameRange     '2.4.3',
76 silly addNameRange     '2.4.4',
76 silly addNameRange     '2.4.5',
76 silly addNameRange     '2.4.6',
76 silly addNameRange     '2.4.7',
76 silly addNameRange     '2.5.0',
76 silly addNameRange     '2.5.1',
76 silly addNameRange     '2.5.2',
76 silly addNameRange     '2.5.3',
76 silly addNameRange     '2.5.4',
76 silly addNameRange     '2.5.5',
76 silly addNameRange     '2.5.6',
76 silly addNameRange     '2.5.7',
76 silly addNameRange     '2.5.8',
76 silly addNameRange     '2.5.9',
76 silly addNameRange     '2.5.10',
76 silly addNameRange     '2.5.11',
76 silly addNameRange     '3.0.0',
76 silly addNameRange     '3.0.1',
76 silly addNameRange     '3.0.2',
76 silly addNameRange     '3.0.3',
76 silly addNameRange     '3.0.4',
76 silly addNameRange     '3.0.5',
76 silly addNameRange     '3.0.6',
76 silly addNameRange     '3.1.0',
76 silly addNameRange     '3.1.1',
76 silly addNameRange     '3.1.2',
76 silly addNameRange     '3.2.0',
76 silly addNameRange     '3.2.1',
76 silly addNameRange     '3.2.2',
76 silly addNameRange     '3.2.3',
76 silly addNameRange     '3.2.4',
76 silly addNameRange     '3.2.5',
76 silly addNameRange     '3.2.6',
76 silly addNameRange     '3.3.0',
76 silly addNameRange     '3.3.1',
76 silly addNameRange     '3.3.2',
76 silly addNameRange     '3.3.3',
76 silly addNameRange     '3.3.4',
76 silly addNameRange     '3.3.5',
76 silly addNameRange     '3.3.6',
76 silly addNameRange     '1.0.0-beta',
76 silly addNameRange     '1.0.0-beta2',
76 silly addNameRange     '1.0.0-rc',
76 silly addNameRange     '1.0.0-rc2',
76 silly addNameRange     '1.0.0-rc3',
76 silly addNameRange     '1.0.0-rc4',
76 silly addNameRange     '2.0.0-beta',
76 silly addNameRange     '2.0.0-beta2',
76 silly addNameRange     '2.0.0-beta3',
76 silly addNameRange     '2.0.0-rc',
76 silly addNameRange     '2.0.0-rc2',
76 silly addNameRange     '2.0.0-rc3',
76 silly addNameRange     '3.0.0-alpha1',
76 silly addNameRange     '3.0.0-alpha2',
76 silly addNameRange     '3.0.0-alpha3',
76 silly addNameRange     '3.0.0-alpha4',
76 silly addNameRange     '3.0.0-alpha5',
76 silly addNameRange     '3.0.0-beta1',
76 silly addNameRange     '3.0.0-beta2',
76 silly addNameRange     '3.0.0-beta3',
76 silly addNameRange     '3.0.0-beta4',
76 silly addNameRange     '3.0.0-beta6',
76 silly addNameRange     '3.0.0-beta7',
76 silly addNameRange     '3.0.0-rc1',
76 silly addNameRange     '3.0.0-rc2',
76 silly addNameRange     '3.0.0-rc3',
76 silly addNameRange     '3.0.0-rc4',
76 silly addNameRange     '3.0.0-rc5',
76 silly addNameRange     '3.3.7',
76 silly addNameRange     '3.3.8',
76 silly addNameRange     '3.4.0',
76 silly addNameRange     '3.4.1',
76 silly addNameRange     '3.4.2',
76 silly addNameRange     '3.4.3',
76 silly addNameRange     '3.4.4',
76 silly addNameRange     '3.4.5',
76 silly addNameRange     '3.4.6',
76 silly addNameRange     '3.4.7',
76 silly addNameRange     '3.4.8',
76 silly addNameRange     '4.0.0-rc1',
76 silly addNameRange     '4.0.0-rc2',
76 silly addNameRange     '3.5.0',
76 silly addNameRange     '4.0.0-rc3',
76 silly addNameRange     '4.0.0-rc4',
76 silly addNameRange     '3.5.1',
76 silly addNameRange     '4.0.0',
76 silly addNameRange     '3.5.2',
76 silly addNameRange     '4.1.0',
76 silly addNameRange     '4.1.1',
76 silly addNameRange     '3.5.3',
76 silly addNameRange     '4.1.2',
76 silly addNameRange     '3.6.0',
76 silly addNameRange     '4.2.0',
76 silly addNameRange     '3.7.0',
76 silly addNameRange     '3.8.0',
76 silly addNameRange     '4.3.0',
76 silly addNameRange     '4.3.1',
76 silly addNameRange     '3.8.1',
76 silly addNameRange     '4.3.2',
76 silly addNameRange     '3.9.0',
76 silly addNameRange     '4.4.0',
76 silly addNameRange     '4.4.1',
76 silly addNameRange     '3.10.0',
76 silly addNameRange     '3.10.1',
76 silly addNameRange     '3.10.2',
76 silly addNameRange     '3.10.3',
76 silly addNameRange     '3.10.4',
76 silly addNameRange     '4.4.2',
76 silly addNameRange     '3.10.5',
76 silly addNameRange     '4.4.3',
76 silly addNameRange     '3.11.0',
76 silly addNameRange     '4.4.4',
76 silly addNameRange     '3.12.0',
76 silly addNameRange     '3.12.1',
76 silly addNameRange     '4.4.5',
76 silly addNameRange     '3.13.0',
76 silly addNameRange     '4.5.0',
76 silly addNameRange     '4.5.1',
76 silly addNameRange     '3.14.0',
76 silly addNameRange     '4.6.0',
76 silly addNameRange     '4.6.1',
76 silly addNameRange     '3.15.0',
76 silly addNameRange     '4.7.0',
76 silly addNameRange     '3.15.1',
76 silly addNameRange     '4.7.1',
76 silly addNameRange     '3.15.2',
76 silly addNameRange     '4.7.2',
76 silly addNameRange     '4.7.3',
76 silly addNameRange     '3.15.3',
76 silly addNameRange     '4.7.4',
76 silly addNameRange     '3.16.0',
76 silly addNameRange     '4.8.0',
76 silly addNameRange     '3.16.1',
76 silly addNameRange     '4.8.1',
76 silly addNameRange     '3.16.2',
76 silly addNameRange     '4.8.2',
76 silly addNameRange     '3.16.3',
76 silly addNameRange     '3.16.4',
76 silly addNameRange     '4.8.3',
76 silly addNameRange     '3.16.5',
76 silly addNameRange     '3.16.6',
76 silly addNameRange     '4.8.4',
76 silly addNameRange     '3.16.7',
76 silly addNameRange     '4.8.5',
76 silly addNameRange     '3.16.8',
76 silly addNameRange     '4.8.6',
76 silly addNameRange     '3.16.9',
76 silly addNameRange     '4.8.7',
76 silly addNameRange     '3.16.10',
76 silly addNameRange     '4.8.8',
76 silly addNameRange     '3.17.0',
76 silly addNameRange     '3.17.1',
76 silly addNameRange     '4.9.0',
76 silly addNameRange     '3.17.2',
76 silly addNameRange     '4.9.1',
76 silly addNameRange     '4.9.2',
76 silly addNameRange     '3.17.3',
76 silly addNameRange     '4.9.3',
76 silly addNameRange     '3.17.4',
76 silly addNameRange     '4.9.4',
76 silly addNameRange     '3.17.5',
76 silly addNameRange     '4.9.5',
76 silly addNameRange     '3.17.6',
76 silly addNameRange     '3.17.7',
76 silly addNameRange     '4.9.6',
76 silly addNameRange     '4.9.7',
76 silly addNameRange     '3.17.8',
76 silly addNameRange     '4.9.8',
76 silly addNameRange     '3.18.0',
76 silly addNameRange     '3.18.1',
76 silly addNameRange     '4.10.0',
76 silly addNameRange     '3.18.2',
76 silly addNameRange     '4.10.1',
76 silly addNameRange     '5.0.0-alpha.1',
76 silly addNameRange     '3.18.3',
76 silly addNameRange     '4.10.2',
76 silly addNameRange     '3.18.4',
76 silly addNameRange     '4.10.3',
76 silly addNameRange     '4.10.4',
76 silly addNameRange     '4.10.5',
76 silly addNameRange     '3.18.5',
76 silly addNameRange     '3.18.6',
76 silly addNameRange     '4.10.6',
76 silly addNameRange     '4.10.7',
76 silly addNameRange     '3.19.0',
76 silly addNameRange     '4.10.8',
76 silly addNameRange     '4.11.0',
76 silly addNameRange     '3.19.1',
76 silly addNameRange     '4.11.1',
76 silly addNameRange     '3.19.2',
76 silly addNameRange     '4.11.2',
76 silly addNameRange     '3.20.0' ] ]
77 verbose addNamed [ 'express', '4.11.2' ]
78 verbose addNamed [ '4.11.2', '4.11.2' ]
79 silly lockFile 69e74cc8-express-4-11-2 express@4.11.2
80 verbose lock express@4.11.2 /home/stevenzeiler/.npm/69e74cc8-express-4-11-2.lock
81 silly lockFile 69e74cc8-express-4-11-2 express@4.11.2
82 silly lockFile 69e74cc8-express-4-11-2 express@4.11.2
83 silly lockFile 64a534c1-express express@
84 silly lockFile 64a534c1-express express@
85 error Error: EACCES, mkdir '/home/stevenzeiler/.npm/body-parser/1.12.0'
85 error  { [Error: EACCES, mkdir '/home/stevenzeiler/.npm/body-parser/1.12.0']
85 error   errno: 3,
85 error   code: 'EACCES',
85 error   path: '/home/stevenzeiler/.npm/body-parser/1.12.0',
85 error   parent: 'blockcypher' }
86 error Please try running this command again as root/Administrator.
87 error System Linux 3.13.0-44-generic
88 error command "/usr/bin/node" "/usr/bin/npm" "install" "--save" "express" "body-parser"
89 error cwd /home/stevenzeiler/Desktop/blockcypher
90 error node -v v0.10.33
91 error npm -v 1.4.28
92 error path /home/stevenzeiler/.npm/body-parser/1.12.0
93 error code EACCES
94 error errno 3
95 error stack Error: EACCES, mkdir '/home/stevenzeiler/.npm/body-parser/1.12.0'
96 verbose exit [ 3, true ]
